<?xml version="1.0" encoding="UTF-8"?>
<!-- Generated by org.testng.reporters.JUnitReportReporter -->
<testsuite hostname="LAPTOP-N926GS71" failures="0" tests="1" name="com.bridgelabz_Selenium_Keyword_DrivenFramework.LoginTest" time="36.680" errors="0" timestamp="2022-07-24T14:27:29 IST" skipped="0">
  <testcase classname="com.bridgelabz_Selenium_Keyword_DrivenFramework.LoginTest" name="loginTestValidation" time="36.680"/>
  <system-out/>
</testsuite> <!-- com.bridgelabz_Selenium_Keyword_DrivenFramework.LoginTest -->
